<?xml version="1.0" encoding="UTF-8"?>
<testng-results skipped="0" failed="0" ignored="0" total="2" passed="2">
  <reporter-output>
    <line>
      <![CDATA[Setting up reports and test is getting ready]]>
    </line>
    <line>
      <![CDATA[Setting Done - Test can be started]]>
    </line>
    <line>
      <![CDATA[Tring to stsrt Broswser and Getting application ready]]>
    </line>
    <line>
      <![CDATA[Browser and application is up and running ]]>
    </line>
    <line>
      <![CDATA[Test is about to end]]>
    </line>
    <line>
      <![CDATA[Test completed >> Report Generated]]>
    </line>
    <line>
      <![CDATA[Test is about to end]]>
    </line>
    <line>
      <![CDATA[Test completed >> Report Generated]]>
    </line>
  </reporter-output>
  <suite name="Suite" duration-ms="168536" started-at="2022-01-20T22:39:51 IST" finished-at="2022-01-20T22:42:40 IST">
    <groups>
    </groups>
    <test name="Test" duration-ms="168536" started-at="2022-01-20T22:39:51 IST" finished-at="2022-01-20T22:42:40 IST">
      <class name="com.Appmaker.TestCases.CRM_Template">
        <test-method status="PASS" signature="setUpexcelSuite()[pri:0, instance:com.Appmaker.TestCases.CRM_Template@7dc222ae]" name="setUpexcelSuite" is-config="true" duration-ms="2084" started-at="2022-01-20T22:39:49 IST" finished-at="2022-01-20T22:39:51 IST">
          <reporter-output>
            <line>
              <![CDATA[Setting up reports and test is getting ready]]>
            </line>
            <line>
              <![CDATA[Setting Done - Test can be started]]>
            </line>
          </reporter-output>
        </test-method> <!-- setUpexcelSuite -->
        <test-method status="PASS" signature="setup()[pri:0, instance:com.Appmaker.TestCases.CRM_Template@7dc222ae]" name="setup" is-config="true" duration-ms="12638" started-at="2022-01-20T22:39:51 IST" finished-at="2022-01-20T22:40:04 IST">
          <reporter-output>
            <line>
              <![CDATA[Tring to stsrt Broswser and Getting application ready]]>
            </line>
            <line>
              <![CDATA[Browser and application is up and running ]]>
            </line>
          </reporter-output>
        </test-method> <!-- setup -->
        <test-method status="PASS" signature="LogintoApplication()[pri:1, instance:com.Appmaker.TestCases.CRM_Template@7dc222ae]" name="LogintoApplication" duration-ms="72999" started-at="2022-01-20T22:40:04 IST" finished-at="2022-01-20T22:41:17 IST">
          <reporter-output>
          </reporter-output>
        </test-method> <!-- LogintoApplication -->
        <test-method status="PASS" signature="tearDownMethod(org.testng.ITestResult)[pri:0, instance:com.Appmaker.TestCases.CRM_Template@7dc222ae]" name="tearDownMethod" is-config="true" duration-ms="894" started-at="2022-01-20T22:41:17 IST" finished-at="2022-01-20T22:41:18 IST">
          <params>
            <param index="0">
              <value>
                <![CDATA[[TestResult name=LogintoApplication status=SUCCESS method=CRM_Template.LogintoApplication()[pri:1, instance:com.Appmaker.TestCases.CRM_Template@7dc222ae] output={null}]]]>
              </value>
            </param>
          </params>
          <reporter-output>
            <line>
              <![CDATA[Test is about to end]]>
            </line>
            <line>
              <![CDATA[Test completed >> Report Generated]]>
            </line>
          </reporter-output>
        </test-method> <!-- tearDownMethod -->
        <test-method status="PASS" signature="createNewCRMapp()[pri:2, instance:com.Appmaker.TestCases.CRM_Template@7dc222ae]" name="createNewCRMapp" duration-ms="81787" started-at="2022-01-20T22:41:18 IST" finished-at="2022-01-20T22:42:39 IST">
          <reporter-output>
          </reporter-output>
        </test-method> <!-- createNewCRMapp -->
        <test-method status="PASS" signature="tearDownMethod(org.testng.ITestResult)[pri:0, instance:com.Appmaker.TestCases.CRM_Template@7dc222ae]" name="tearDownMethod" is-config="true" duration-ms="171" started-at="2022-01-20T22:42:39 IST" finished-at="2022-01-20T22:42:40 IST">
          <params>
            <param index="0">
              <value>
                <![CDATA[[TestResult name=createNewCRMapp status=SUCCESS method=CRM_Template.createNewCRMapp()[pri:2, instance:com.Appmaker.TestCases.CRM_Template@7dc222ae] output={null}]]]>
              </value>
            </param>
          </params>
          <reporter-output>
            <line>
              <![CDATA[Test is about to end]]>
            </line>
            <line>
              <![CDATA[Test completed >> Report Generated]]>
            </line>
          </reporter-output>
        </test-method> <!-- tearDownMethod -->
      </class> <!-- com.Appmaker.TestCases.CRM_Template -->
    </test> <!-- Test -->
  </suite> <!-- Suite -->
</testng-results>
