<?xml version="1.0" encoding="UTF-8"?>
<testng-results ignored="0" total="2" passed="2" failed="0" skipped="0">
  <reporter-output>
    <line>
      <![CDATA[Setting up reports and test is getting ready]]>
    </line>
    <line>
      <![CDATA[Setting Done - Test can be started]]>
    </line>
    <line>
      <![CDATA[Tring to stsrt Broswser and Getting application ready]]>
    </line>
    <line>
      <![CDATA[Browser and application is up and running ]]>
    </line>
    <line>
      <![CDATA[Test is about to end]]>
    </line>
    <line>
      <![CDATA[Test completed >> Report Generated]]>
    </line>
    <line>
      <![CDATA[Test is about to end]]>
    </line>
    <line>
      <![CDATA[Test completed >> Report Generated]]>
    </line>
  </reporter-output>
  <suite started-at="2022-01-16T17:42:07 IST" name="Suite" finished-at="2022-01-16T17:44:55 IST" duration-ms="167326">
    <groups>
    </groups>
    <test started-at="2022-01-16T17:42:07 IST" name="Test" finished-at="2022-01-16T17:44:55 IST" duration-ms="167326">
      <class name="com.Appmaker.TestCases.CRM_Template">
        <test-method is-config="true" signature="setUpexcelSuite()[pri:0, instance:com.Appmaker.TestCases.CRM_Template@534a5a98]" started-at="2022-01-16T17:42:06 IST" name="setUpexcelSuite" finished-at="2022-01-16T17:42:07 IST" duration-ms="1672" status="PASS">
          <reporter-output>
            <line>
              <![CDATA[Setting up reports and test is getting ready]]>
            </line>
            <line>
              <![CDATA[Setting Done - Test can be started]]>
            </line>
          </reporter-output>
        </test-method> <!-- setUpexcelSuite -->
        <test-method is-config="true" signature="setup()[pri:0, instance:com.Appmaker.TestCases.CRM_Template@534a5a98]" started-at="2022-01-16T17:42:07 IST" name="setup" finished-at="2022-01-16T17:42:19 IST" duration-ms="11544" status="PASS">
          <reporter-output>
            <line>
              <![CDATA[Tring to stsrt Broswser and Getting application ready]]>
            </line>
            <line>
              <![CDATA[Browser and application is up and running ]]>
            </line>
          </reporter-output>
        </test-method> <!-- setup -->
        <test-method signature="LogintoApplication()[pri:1, instance:com.Appmaker.TestCases.CRM_Template@534a5a98]" started-at="2022-01-16T17:42:19 IST" name="LogintoApplication" finished-at="2022-01-16T17:43:32 IST" duration-ms="72861" status="PASS">
          <reporter-output>
          </reporter-output>
        </test-method> <!-- LogintoApplication -->
        <test-method is-config="true" signature="tearDownMethod(org.testng.ITestResult)[pri:0, instance:com.Appmaker.TestCases.CRM_Template@534a5a98]" started-at="2022-01-16T17:43:32 IST" name="tearDownMethod" finished-at="2022-01-16T17:43:32 IST" duration-ms="757" status="PASS">
          <params>
            <param index="0">
              <value>
                <![CDATA[[TestResult name=LogintoApplication status=SUCCESS method=CRM_Template.LogintoApplication()[pri:1, instance:com.Appmaker.TestCases.CRM_Template@534a5a98] output={null}]]]>
              </value>
            </param>
          </params>
          <reporter-output>
            <line>
              <![CDATA[Test is about to end]]>
            </line>
            <line>
              <![CDATA[Test completed >> Report Generated]]>
            </line>
          </reporter-output>
        </test-method> <!-- tearDownMethod -->
        <test-method signature="createNewCRMapp()[pri:2, instance:com.Appmaker.TestCases.CRM_Template@534a5a98]" started-at="2022-01-16T17:43:32 IST" name="createNewCRMapp" finished-at="2022-01-16T17:44:54 IST" duration-ms="81932" status="PASS">
          <reporter-output>
          </reporter-output>
        </test-method> <!-- createNewCRMapp -->
        <test-method is-config="true" signature="tearDownMethod(org.testng.ITestResult)[pri:0, instance:com.Appmaker.TestCases.CRM_Template@534a5a98]" started-at="2022-01-16T17:44:54 IST" name="tearDownMethod" finished-at="2022-01-16T17:44:55 IST" duration-ms="170" status="PASS">
          <params>
            <param index="0">
              <value>
                <![CDATA[[TestResult name=createNewCRMapp status=SUCCESS method=CRM_Template.createNewCRMapp()[pri:2, instance:com.Appmaker.TestCases.CRM_Template@534a5a98] output={null}]]]>
              </value>
            </param>
          </params>
          <reporter-output>
            <line>
              <![CDATA[Test is about to end]]>
            </line>
            <line>
              <![CDATA[Test completed >> Report Generated]]>
            </line>
          </reporter-output>
        </test-method> <!-- tearDownMethod -->
      </class> <!-- com.Appmaker.TestCases.CRM_Template -->
    </test> <!-- Test -->
  </suite> <!-- Suite -->
</testng-results>
