<?xml version="1.0" encoding="UTF-8"?>
<!-- Generated by org.testng.reporters.JUnitXMLReporter -->
<testsuite ignored="0" hostname="Sakunthalas-MacBook-Air.local" failures="0" tests="2" name="Default test" time="166.062" errors="0" timestamp="2022-01-16T17:16:22 IST">
  <testcase classname="com.Appmaker.TestCases.CRM_Template" name="LogintoApplication" time="72.326"/>
  <testcase classname="com.Appmaker.TestCases.CRM_Template" name="createNewCRMapp" time="82.057"/>
</testsuite> <!-- Default test -->
